<?xml version="1.0" encoding="UTF-8"?>
<!-- Generated by org.testng.reporters.JUnitReportReporter -->
<testsuite hostname="DESKTOP-R4OAK6D" failures="0" tests="2" name="test.TC002_signintest" time="72.604" errors="0" timestamp="2024-03-05T20:57:31 IST" skipped="0">
  <testcase classname="test.TC002_signintest" name="signin" time="36.344"/>
  <system-out/>
  <testcase classname="test.TC002_signintest" name="signin" time="36.260"/>
  <system-out/>
</testsuite> <!-- test.TC002_signintest -->
