<?xml version="1.0" encoding="UTF-8"?>
<!-- Generated by org.testng.reporters.JUnitReportReporter -->
<testsuite hostname="DESKTOP-R4OAK6D" failures="0" tests="4" name="test.TC001_logintest" time="150.089" errors="0" timestamp="2024-03-05T20:57:31 IST" skipped="0">
  <testcase classname="test.TC001_logintest" name="login" time="36.960"/>
  <system-out/>
  <testcase classname="test.TC001_logintest" name="login" time="39.338"/>
  <system-out/>
  <testcase classname="test.TC001_logintest" name="login" time="37.540"/>
  <system-out/>
  <testcase classname="test.TC001_logintest" name="login" time="36.251"/>
  <system-out/>
</testsuite> <!-- test.TC001_logintest -->
